<?xml version="1.0" encoding="UTF-8"?>
<!-- Generated by org.testng.reporters.JUnitReportReporter -->
<testsuite skipped="0" hostname="DESKTOP-A4GJKOM" name="sailotech.com.EzScheduler.GenerateSlots.GenerateSlotsTest" tests="3" failures="0" timestamp="06 Dec 2020 14:01:57 GMT" time="39.261" errors="0">
  <testcase name="TC_02_DoctorLogin" time="4.624" classname="sailotech.com.EzScheduler.GenerateSlots.GenerateSlotsTest"/>
  <testcase name="TC_01_navigate_homepage_to_Doctor_login" time="1.974" classname="sailotech.com.EzScheduler.GenerateSlots.GenerateSlotsTest"/>
  <testcase name="TC_03_GenerateSlots" time="32.663" classname="sailotech.com.EzScheduler.GenerateSlots.GenerateSlotsTest"/>
</testsuite> <!-- sailotech.com.EzScheduler.GenerateSlots.GenerateSlotsTest -->
