<?xml version="1.0" encoding="UTF-8"?>
<!-- Generated by org.testng.reporters.JUnitReportReporter -->
<testsuite skipped="0" hostname="DESKTOP-A4GJKOM" name="sailotech.com.EzSchedulerAdminpages.AdminTest" tests="2" failures="0" timestamp="06 Dec 2020 14:01:57 GMT" time="5.012" errors="0">
  <testcase name="TC_02_adminlogin" time="2.565" classname="sailotech.com.EzSchedulerAdminpages.AdminTest"/>
  <testcase name="TC_01_navigate_homepage_to_admin_login" time="2.447" classname="sailotech.com.EzSchedulerAdminpages.AdminTest"/>
</testsuite> <!-- sailotech.com.EzSchedulerAdminpages.AdminTest -->
