<?xml version="1.0" encoding="UTF-8"?>
<!-- Generated by org.testng.reporters.JUnitReportReporter -->
<testsuite skipped="0" hostname="DESKTOP-A4GJKOM" name="sailotech.com.EzScheduler.PatientRegistration.PatientRegistrationTest" tests="2" failures="0" timestamp="06 Dec 2020 14:01:58 GMT" time="16.146" errors="0">
  <testcase name="TC_02_DoctorRegister" time="12.106" classname="sailotech.com.EzScheduler.PatientRegistration.PatientRegistrationTest"/>
  <testcase name="TC_01_navigate_homepage_to_DoctorRegister" time="4.040" classname="sailotech.com.EzScheduler.PatientRegistration.PatientRegistrationTest"/>
</testsuite> <!-- sailotech.com.EzScheduler.PatientRegistration.PatientRegistrationTest -->
