<?xml version="1.0" encoding="UTF-8"?>
<!-- Generated by org.testng.reporters.JUnitReportReporter -->
<testsuite skipped="0" hostname="DESKTOP-A4GJKOM" name="sailotech.com.EzScheduler.AppTest" tests="1" failures="0" timestamp="06 Dec 2020 14:01:59 GMT" time="0.003" errors="0">
  <testcase name="testApp" time="0.003" classname="sailotech.com.EzScheduler.AppTest"/>
</testsuite> <!-- sailotech.com.EzScheduler.AppTest -->
