<?xml version="1.0" encoding="UTF-8"?>
<!-- Generated by org.testng.reporters.JUnitReportReporter -->
<testsuite skipped="0" hostname="DESKTOP-A4GJKOM" name="com.sailotech.testautomation.ezscheduler.tests.Providerlogin_test" tests="1" failures="0" timestamp="08 Mar 2021 14:21:13 GMT" time="7.092" errors="0">
  <testcase name="TC_05_ProviderLogin" time="7.092" classname="com.sailotech.testautomation.ezscheduler.tests.Providerlogin_test"/>
</testsuite> <!-- com.sailotech.testautomation.ezscheduler.tests.Providerlogin_test -->
