<?xml version="1.0" encoding="UTF-8"?>
<!-- Generated by org.testng.reporters.JUnitReportReporter -->
<testsuite skipped="0" hostname="DESKTOP-A4GJKOM" name="sailotech.com.EzScheduler.PositiveTestPages.DoctorLoginTest" tests="2" failures="0" timestamp="23 Dec 2020 13:02:55 GMT" time="4.894" errors="0">
  <testcase name="TC_01_navigate_homepage_to_Doctor_login" time="1.883" classname="sailotech.com.EzScheduler.PositiveTestPages.DoctorLoginTest"/>
  <testcase name="TC_02_DoctorLogin" time="3.011" classname="sailotech.com.EzScheduler.PositiveTestPages.DoctorLoginTest"/>
</testsuite> <!-- sailotech.com.EzScheduler.PositiveTestPages.DoctorLoginTest -->
