<?xml version="1.0" encoding="UTF-8"?>
<!-- Generated by org.testng.reporters.JUnitReportReporter -->
<testsuite skipped="0" hostname="DESKTOP-A4GJKOM" name="sailotech.com.EzScheduler.Test.PatientTest" tests="2" failures="0" timestamp="14 Dec 2020 18:24:31 GMT" time="215.139" errors="0">
  <testcase name="TC_01_navigate_homepage_to_Patient_login" time="12.587" classname="sailotech.com.EzScheduler.Test.PatientTest"/>
  <testcase name="TC_02_Patientlogin" time="202.552" classname="sailotech.com.EzScheduler.Test.PatientTest"/>
</testsuite> <!-- sailotech.com.EzScheduler.Test.PatientTest -->
