<?xml version="1.0" encoding="UTF-8"?>
<!-- Generated by org.testng.reporters.JUnitReportReporter -->
<testsuite skipped="0" hostname="DESKTOP-A4GJKOM" name="com.sailotech.ezscheduler.Testpages.ProviderCredentialsfromMailTest" tests="1" failures="0" timestamp="15 Feb 2021 21:11:58 GMT" time="7.803" errors="0">
  <testcase name="TC_02_Providercredentials_frommail" time="7.803" classname="com.sailotech.ezscheduler.Testpages.ProviderCredentialsfromMailTest"/>
</testsuite> <!-- com.sailotech.ezscheduler.Testpages.ProviderCredentialsfromMailTest -->
