<?xml version="1.0" encoding="UTF-8"?>
<!-- Generated by org.testng.reporters.JUnitReportReporter -->
<testsuite skipped="0" hostname="DESKTOP-A4GJKOM" name="sailotech.com.EzScheduler.ReadingMail.PatientOTPCredentials" tests="1" failures="0" timestamp="16 Dec 2020 23:24:38 GMT" time="3.993" errors="0">
  <testcase name="TC01_ReadMail" time="3.993" classname="sailotech.com.EzScheduler.ReadingMail.PatientOTPCredentials"/>
</testsuite> <!-- sailotech.com.EzScheduler.ReadingMail.PatientOTPCredentials -->
