<?xml version="1.0" encoding="UTF-8"?>
<!-- Generated by org.testng.reporters.JUnitReportReporter -->
<testsuite skipped="0" hostname="DESKTOP-A4GJKOM" name="sailotech.com.EzScheduler.PositiveTestPages.PatientRegistrationTest" tests="2" failures="0" timestamp="23 Dec 2020 13:02:55 GMT" time="14.742" errors="0">
  <testcase name="TC_02_PatientRegister" time="11.547" classname="sailotech.com.EzScheduler.PositiveTestPages.PatientRegistrationTest"/>
  <testcase name="TC_01_navigate_homepage_to_PatientRegister" time="3.195" classname="sailotech.com.EzScheduler.PositiveTestPages.PatientRegistrationTest"/>
</testsuite> <!-- sailotech.com.EzScheduler.PositiveTestPages.PatientRegistrationTest -->
