<?xml version="1.0" encoding="UTF-8"?>
<!-- Generated by org.testng.reporters.JUnitReportReporter -->
<testsuite skipped="0" hostname="DESKTOP-A4GJKOM" name="sailotech.com.EzScheduler.PositiveTestPages.AdminVerifyTest" tests="3" failures="0" timestamp="23 Dec 2020 13:02:55 GMT" time="68.488" errors="0">
  <testcase name="TC_02_adminLogout" time="4.223" classname="sailotech.com.EzScheduler.PositiveTestPages.AdminVerifyTest"/>
  <testcase name="TC_01_navigate_homepage_to_admin_login" time="1.851" classname="sailotech.com.EzScheduler.PositiveTestPages.AdminVerifyTest"/>
  <testcase name="TC_02_adminverifyDoctor" time="62.414" classname="sailotech.com.EzScheduler.PositiveTestPages.AdminVerifyTest"/>
</testsuite> <!-- sailotech.com.EzScheduler.PositiveTestPages.AdminVerifyTest -->
