<?xml version="1.0" encoding="UTF-8"?>
<!-- Generated by org.testng.reporters.JUnitReportReporter -->
<testsuite skipped="0" hostname="DESKTOP-A4GJKOM" name="sailotech.com.EzScheduler.TestPages.DoctorLoginTest" tests="2" failures="0" timestamp="16 Dec 2020 02:29:47 GMT" time="4.392" errors="0">
  <testcase name="TC_01_navigate_homepage_to_Doctor_login" time="1.939" classname="sailotech.com.EzScheduler.TestPages.DoctorLoginTest"/>
  <testcase name="TC_02_DoctorLogin" time="2.453" classname="sailotech.com.EzScheduler.TestPages.DoctorLoginTest"/>
</testsuite> <!-- sailotech.com.EzScheduler.TestPages.DoctorLoginTest -->
