<?xml version="1.0" encoding="UTF-8"?>
<!-- Generated by org.testng.reporters.JUnitReportReporter -->
<testsuite skipped="0" hostname="DESKTOP-A4GJKOM" name="sailotech.com.EzScheduler.PositiveTestPages.DoctorRegistrationTest" tests="2" failures="0" timestamp="23 Dec 2020 13:02:55 GMT" time="29.738" errors="0">
  <testcase name="TC_01_navigate_homepage_to_DoctorRegister" time="3.372" classname="sailotech.com.EzScheduler.PositiveTestPages.DoctorRegistrationTest"/>
  <testcase name="TC_02_DoctorRegister" time="26.366" classname="sailotech.com.EzScheduler.PositiveTestPages.DoctorRegistrationTest"/>
</testsuite> <!-- sailotech.com.EzScheduler.PositiveTestPages.DoctorRegistrationTest -->
