<?xml version="1.0" encoding="UTF-8"?>
<!-- Generated by org.testng.reporters.JUnitReportReporter -->
<testsuite skipped="0" hostname="DESKTOP-A4GJKOM" name="com.sailotech.ezscheduler.Testpages.AdminverifyUnverifiedDoctortest" tests="3" failures="0" timestamp="21 Jan 2021 20:47:49 GMT" time="132.722" errors="0">
  <testcase name="TC_10_AdminLogout" time="29.456" classname="com.sailotech.ezscheduler.Testpages.AdminverifyUnverifiedDoctortest"/>
  <testcase name="TC_08_Navigate_to_AdminLogin" time="4.664" classname="com.sailotech.ezscheduler.Testpages.AdminverifyUnverifiedDoctortest"/>
  <testcase name="TC_09_AdminVerifyDoctor" time="98.602" classname="com.sailotech.ezscheduler.Testpages.AdminverifyUnverifiedDoctortest"/>
</testsuite> <!-- com.sailotech.ezscheduler.Testpages.AdminverifyUnverifiedDoctortest -->
