<?xml version="1.0" encoding="UTF-8"?>
<!-- Generated by org.testng.reporters.JUnitReportReporter -->
<testsuite skipped="0" hostname="DESKTOP-A4GJKOM" name="com.sailotech.ezscheduler.Testpages.AdminUnverifiedDoctorTest" tests="3" failures="0" timestamp="02 Feb 2021 21:43:36 GMT" time="282.884" errors="0">
  <testcase name="TC_08_Navigate_to_AdminLogin" time="6.814" classname="com.sailotech.ezscheduler.Testpages.AdminUnverifiedDoctorTest"/>
  <testcase name="TC_09_AdminVerifyDoctor" time="272.397" classname="com.sailotech.ezscheduler.Testpages.AdminUnverifiedDoctorTest"/>
  <testcase name="TC_10_AdminLogout" time="3.673" classname="com.sailotech.ezscheduler.Testpages.AdminUnverifiedDoctorTest"/>
</testsuite> <!-- com.sailotech.ezscheduler.Testpages.AdminUnverifiedDoctorTest -->
