<?xml version="1.0" encoding="UTF-8"?>
<!-- Generated by org.testng.reporters.JUnitReportReporter -->
<testsuite skipped="0" hostname="DESKTOP-A4GJKOM" name="sailotech.com.EzScheduler.Test.DoctorLoginTest" tests="2" failures="0" timestamp="14 Dec 2020 18:12:49 GMT" time="5.866" errors="0">
  <testcase name="TC_01_navigate_homepage_to_Doctor_login" time="2.163" classname="sailotech.com.EzScheduler.Test.DoctorLoginTest"/>
  <testcase name="TC_02_DoctorLogin" time="3.703" classname="sailotech.com.EzScheduler.Test.DoctorLoginTest"/>
</testsuite> <!-- sailotech.com.EzScheduler.Test.DoctorLoginTest -->
