<?xml version="1.0" encoding="UTF-8"?>
<!-- Generated by org.testng.reporters.JUnitReportReporter -->
<testsuite skipped="0" hostname="DESKTOP-A4GJKOM" name="com.sailotech.testautomation.ezscheduler.tests.Consumerregistration_test" tests="3" failures="0" timestamp="03 Mar 2021 21:04:46 GMT" time="30.873" errors="0">
  <testcase name="TC_14_ConsumerCredentialsfrommail" time="10.343" classname="com.sailotech.testautomation.ezscheduler.tests.Consumerregistration_test"/>
  <testcase name="TC_13_ConsumerRegistration" time="11.859" classname="com.sailotech.testautomation.ezscheduler.tests.Consumerregistration_test"/>
  <testcase name="TC_15_Consumer_OTP" time="8.671" classname="com.sailotech.testautomation.ezscheduler.tests.Consumerregistration_test"/>
</testsuite> <!-- com.sailotech.testautomation.ezscheduler.tests.Consumerregistration_test -->
