<?xml version="1.0" encoding="UTF-8"?>
<!-- Generated by org.testng.reporters.JUnitReportReporter -->
<testsuite skipped="0" hostname="DESKTOP-A4GJKOM" name="sailotech.com.EzScheduler.TestPages.AdminTest" tests="2" failures="0" timestamp="16 Dec 2020 02:29:47 GMT" time="6.127" errors="0">
  <testcase name="TC_01_navigate_homepage_to_admin_login" time="2.148" classname="sailotech.com.EzScheduler.TestPages.AdminTest"/>
  <testcase name="TC_02_adminlogin" time="3.979" classname="sailotech.com.EzScheduler.TestPages.AdminTest"/>
</testsuite> <!-- sailotech.com.EzScheduler.TestPages.AdminTest -->
