<?xml version="1.0" encoding="UTF-8"?>
<!-- Generated by org.testng.reporters.JUnitReportReporter -->
<testsuite skipped="0" hostname="DESKTOP-A4GJKOM" name="sailotech.com.EzScheduler.DoctorRegistration.DoctorRegistrationTest" tests="2" failures="0" timestamp="13 Dec 2020 14:37:03 GMT" time="28.107" errors="0">
  <testcase name="TC_02_DoctorRegister" time="24.670" classname="sailotech.com.EzScheduler.DoctorRegistration.DoctorRegistrationTest"/>
  <testcase name="TC_01_navigate_homepage_to_DoctorRegister" time="3.437" classname="sailotech.com.EzScheduler.DoctorRegistration.DoctorRegistrationTest"/>
</testsuite> <!-- sailotech.com.EzScheduler.DoctorRegistration.DoctorRegistrationTest -->
