<?xml version="1.0" encoding="UTF-8"?>
<!-- Generated by org.testng.reporters.JUnitReportReporter -->
<testsuite skipped="0" hostname="DESKTOP-A4GJKOM" name="sailotech.com.EzScheduler.Test.GenerateSlotsTest" tests="3" failures="0" timestamp="14 Dec 2020 18:17:33 GMT" time="80.265" errors="0">
  <testcase name="TC_01_navigate_homepage_to_Doctor_login" time="2.124" classname="sailotech.com.EzScheduler.Test.GenerateSlotsTest"/>
  <testcase name="TC_02_DoctorLogin" time="3.709" classname="sailotech.com.EzScheduler.Test.GenerateSlotsTest"/>
  <testcase name="TC_03_GenerateSlots" time="74.432" classname="sailotech.com.EzScheduler.Test.GenerateSlotsTest"/>
</testsuite> <!-- sailotech.com.EzScheduler.Test.GenerateSlotsTest -->
