<?xml version="1.0" encoding="UTF-8"?>
<!-- Generated by org.testng.reporters.JUnitReportReporter -->
<testsuite skipped="0" hostname="DESKTOP-A4GJKOM" name="sailotech.com.EzScheduler.ReadingMail.PatientCredentialsFromMail" tests="1" failures="0" timestamp="23 Dec 2020 13:25:46 GMT" time="5.764" errors="0">
  <testcase name="TC01_ReadMail" time="5.764" classname="sailotech.com.EzScheduler.ReadingMail.PatientCredentialsFromMail"/>
</testsuite> <!-- sailotech.com.EzScheduler.ReadingMail.PatientCredentialsFromMail -->
