<?xml version="1.0" encoding="UTF-8"?>
<!-- Generated by org.testng.reporters.JUnitReportReporter -->
<testsuite skipped="0" hostname="DESKTOP-A4GJKOM" name="com.sailotech.ezscheduler.Testpages.ConsumerloginTest" tests="1" failures="0" timestamp="15 Feb 2021 15:30:04 GMT" time="10.844" errors="0">
  <testcase name="TC_12_ConsumerLogin" time="10.844" classname="com.sailotech.ezscheduler.Testpages.ConsumerloginTest"/>
</testsuite> <!-- com.sailotech.ezscheduler.Testpages.ConsumerloginTest -->
