<?xml version="1.0" encoding="UTF-8"?>
<!-- Generated by org.testng.reporters.JUnitReportReporter -->
<testsuite skipped="0" hostname="DESKTOP-A4GJKOM" name="com.sailotech.ezscheduler.Testpages.AdminloginTest" tests="1" failures="0" timestamp="10 Feb 2021 22:35:11 GMT" time="5.838" errors="0">
  <testcase name="TC_08_Navigate_to_AdminLogin" time="5.838" classname="com.sailotech.ezscheduler.Testpages.AdminloginTest"/>
</testsuite> <!-- com.sailotech.ezscheduler.Testpages.AdminloginTest -->
