<?xml version="1.0" encoding="UTF-8"?>
<!-- Generated by org.testng.reporters.JUnitReportReporter -->
<testsuite skipped="0" hostname="DESKTOP-A4GJKOM" name="sailotech.com.EzScheduler.PositiveTestPages.DoctorGenerateSlotsTest" tests="4" failures="0" timestamp="23 Dec 2020 13:02:55 GMT" time="105.406" errors="0">
  <testcase name="TC_01_navigate_homepage_to_Doctor_login" time="2.275" classname="sailotech.com.EzScheduler.PositiveTestPages.DoctorGenerateSlotsTest"/>
  <testcase name="TC_02_DoctorLogin" time="4.193" classname="sailotech.com.EzScheduler.PositiveTestPages.DoctorGenerateSlotsTest"/>
  <testcase name="TC_04_Doctor_Logout" time="5.141" classname="sailotech.com.EzScheduler.PositiveTestPages.DoctorGenerateSlotsTest"/>
  <testcase name="TC_03_GenerateSlots" time="93.797" classname="sailotech.com.EzScheduler.PositiveTestPages.DoctorGenerateSlotsTest"/>
</testsuite> <!-- sailotech.com.EzScheduler.PositiveTestPages.DoctorGenerateSlotsTest -->
