<?xml version="1.0" encoding="UTF-8"?>
<!-- Generated by org.testng.reporters.JUnitReportReporter -->
<testsuite skipped="0" hostname="DESKTOP-A4GJKOM" name="com.sailotech.ezscheduler.Testpages.CustomerloginTest1" tests="1" failures="0" timestamp="26 Jan 2021 16:18:09 GMT" time="10.571" errors="0">
  <testcase name="TC_12_ConsumerLogin" time="10.571" classname="com.sailotech.ezscheduler.Testpages.CustomerloginTest1"/>
</testsuite> <!-- com.sailotech.ezscheduler.Testpages.CustomerloginTest1 -->
