<?xml version="1.0" encoding="UTF-8"?>
<!-- Generated by org.testng.reporters.JUnitReportReporter -->
<testsuite skipped="0" hostname="DESKTOP-A4GJKOM" name="sailotech.com.EzScheduler.NegativeTestPages.DoctorLoginCredentialsTest" tests="2" failures="0" timestamp="23 Dec 2020 13:02:55 GMT" time="101.768" errors="0">
  <testcase name="TC_02_DoctorLogin" time="90.707" classname="sailotech.com.EzScheduler.NegativeTestPages.DoctorLoginCredentialsTest"/>
  <testcase name="TC_01_navigate_homepage_to_Doctor_login" time="11.061" classname="sailotech.com.EzScheduler.NegativeTestPages.DoctorLoginCredentialsTest"/>
</testsuite> <!-- sailotech.com.EzScheduler.NegativeTestPages.DoctorLoginCredentialsTest -->
