<?xml version="1.0" encoding="UTF-8"?>
<!-- Generated by org.testng.reporters.JUnitReportReporter -->
<testsuite skipped="0" hostname="DESKTOP-A4GJKOM" name="com.sailotech.testautomation.ezscheduler.tests.Consumerlogin_test" tests="1" failures="0" timestamp="18 Feb 2021 14:56:33 GMT" time="10.614" errors="0">
  <testcase name="TC_12_ConsumerLogin" time="10.614" classname="com.sailotech.testautomation.ezscheduler.tests.Consumerlogin_test"/>
</testsuite> <!-- com.sailotech.testautomation.ezscheduler.tests.Consumerlogin_test -->
