<?xml version="1.0" encoding="UTF-8"?>
<!-- Generated by org.testng.reporters.JUnitReportReporter -->
<testsuite skipped="0" hostname="DESKTOP-A4GJKOM" name="sailotech.com.EzScheduler.Test.AdminTest" tests="2" failures="0" timestamp="14 Dec 2020 18:06:34 GMT" time="5.998" errors="0">
  <testcase name="TC_01_navigate_homepage_to_admin_login" time="2.133" classname="sailotech.com.EzScheduler.Test.AdminTest"/>
  <testcase name="TC_02_adminlogin" time="3.865" classname="sailotech.com.EzScheduler.Test.AdminTest"/>
</testsuite> <!-- sailotech.com.EzScheduler.Test.AdminTest -->
