<?xml version="1.0" encoding="UTF-8"?>
<!-- Generated by org.testng.reporters.JUnitReportReporter -->
<testsuite skipped="0" hostname="DESKTOP-A4GJKOM" name="sailotech.com.EzScheduler.PositiveTestPages.DoctorCancelAppointmentsTest" tests="1" failures="0" timestamp="17 Dec 2020 22:55:39 GMT" time="3.721" errors="0">
  <testcase name="TC_01_DoctorcancelAppointments" time="3.721" classname="sailotech.com.EzScheduler.PositiveTestPages.DoctorCancelAppointmentsTest"/>
</testsuite> <!-- sailotech.com.EzScheduler.PositiveTestPages.DoctorCancelAppointmentsTest -->
