<?xml version="1.0" encoding="UTF-8"?>
<!-- Generated by org.testng.reporters.JUnitReportReporter -->
<testsuite skipped="0" hostname="DESKTOP-A4GJKOM" name="sailotech.com.EzScheduler.ReadingMail.DoctorCredentials" tests="1" failures="0" timestamp="16 Dec 2020 23:22:19 GMT" time="4.453" errors="0">
  <testcase name="TC01_ReadMail" time="4.453" classname="sailotech.com.EzScheduler.ReadingMail.DoctorCredentials"/>
</testsuite> <!-- sailotech.com.EzScheduler.ReadingMail.DoctorCredentials -->
