<?xml version="1.0" encoding="UTF-8"?>
<!-- Generated by org.testng.reporters.JUnitReportReporter -->
<testsuite skipped="0" hostname="DESKTOP-A4GJKOM" name="sailotech.com.EzScheduler.ReadingMail.PatientEmail" tests="1" failures="0" timestamp="15 Dec 2020 17:26:22 GMT" time="3.070" errors="0">
  <testcase name="TC01_ReadMail" time="3.070" classname="sailotech.com.EzScheduler.ReadingMail.PatientEmail"/>
</testsuite> <!-- sailotech.com.EzScheduler.ReadingMail.PatientEmail -->
