<?xml version="1.0" encoding="UTF-8"?>
<!-- Generated by org.testng.reporters.JUnitReportReporter -->
<testsuite skipped="0" hostname="DESKTOP-A4GJKOM" name="com.sailotech.ezscheduler.Testpages.CustomerloginTest" tests="1" failures="0" timestamp="26 Jan 2021 21:23:54 GMT" time="9.611" errors="0">
  <testcase name="TC_12_ConsumerLogin" time="9.611" classname="com.sailotech.ezscheduler.Testpages.CustomerloginTest"/>
</testsuite> <!-- com.sailotech.ezscheduler.Testpages.CustomerloginTest -->
