<?xml version="1.0" encoding="UTF-8"?>
<!-- Generated by org.testng.reporters.JUnitReportReporter -->
<testsuite skipped="0" hostname="DESKTOP-A4GJKOM" name="com.sailotech.ezscheduler.Testpages.ConsumercredentialsfrommailTest" tests="1" failures="0" timestamp="10 Feb 2021 21:43:43 GMT" time="9.922" errors="0">
  <testcase name="TC_15_Consumer_Credentials" time="9.922" classname="com.sailotech.ezscheduler.Testpages.ConsumercredentialsfrommailTest"/>
</testsuite> <!-- com.sailotech.ezscheduler.Testpages.ConsumercredentialsfrommailTest -->
