<?xml version="1.0" encoding="UTF-8"?>
<!-- Generated by org.testng.reporters.JUnitReportReporter -->
<testsuite skipped="0" hostname="DESKTOP-A4GJKOM" name="com.sailotech.ezscheduler.Testpages.FetchingconsumerOTPfrommailtest" tests="1" failures="0" timestamp="20 Jan 2021 15:08:44 GMT" time="10.145" errors="0">
  <testcase name="ConsumerCredentialsfrommail" time="10.145" classname="com.sailotech.ezscheduler.Testpages.FetchingconsumerOTPfrommailtest"/>
</testsuite> <!-- com.sailotech.ezscheduler.Testpages.FetchingconsumerOTPfrommailtest -->
