<?xml version="1.0" encoding="UTF-8"?>
<!-- Generated by org.testng.reporters.JUnitReportReporter -->
<testsuite skipped="2" hostname="DESKTOP-A4GJKOM" name="com.sailotech.testautomation.ezscheduler.tests.Admincreateprovider_test" tests="3" failures="0" timestamp="03 Mar 2021 20:40:32 GMT" time="2.782" errors="1">
  <testcase name="TC_20_Admin_CreatingDoctor" time="0.000" classname="com.sailotech.testautomation.ezscheduler.tests.Admincreateprovider_test">
    <skipped/>
  </testcase> <!-- TC_20_Admin_CreatingDoctor -->
  <testcase name="TC_08_Navigate_to_AdminLogin" time="2.782" classname="com.sailotech.testautomation.ezscheduler.tests.Admincreateprovider_test">
    <error type="java.io.FileNotFoundException" message="C:\Users\sukki\OneDrive\EzSchedulerscratch\EzScheduler\inputFiles\Admin.xlsx (The process cannot access the file because it is being used by another process)">
      <![CDATA[java.io.FileNotFoundException: C:\Users\sukki\OneDrive\EzSchedulerscratch\EzScheduler\inputFiles\Admin.xlsx (The process cannot access the file because it is being used by another process)
at java.io.FileInputStream.open0(Native Method)
at java.io.FileInputStream.open(FileInputStream.java:195)
at java.io.FileInputStream.<init>(FileInputStream.java:138)
at java.io.FileInputStream.<init>(FileInputStream.java:93)
at com.sailotech.testautomation.ezscheduler.AdminFunctions.Adminlogin.AdminLogin(Adminlogin.java:30)
at com.sailotech.testautomation.ezscheduler.tests.Admincreateprovider_test.TC_08_Navigate_to_AdminLogin(Admincreateprovider_test.java:48)
at sun.reflect.NativeMethodAccessorImpl.invoke0(Native Method)
at sun.reflect.NativeMethodAccessorImpl.invoke(NativeMethodAccessorImpl.java:62)
at sun.reflect.DelegatingMethodAccessorImpl.invoke(DelegatingMethodAccessorImpl.java:43)
at java.lang.reflect.Method.invoke(Method.java:498)
at org.testng.internal.MethodInvocationHelper.invokeMethod(MethodInvocationHelper.java:124)
at org.testng.internal.Invoker.invokeMethod(Invoker.java:583)
at org.testng.internal.Invoker.invokeTestMethod(Invoker.java:719)
at org.testng.internal.Invoker.invokeTestMethods(Invoker.java:989)
at org.testng.internal.TestMethodWorker.invokeTestMethods(TestMethodWorker.java:125)
at org.testng.internal.TestMethodWorker.run(TestMethodWorker.java:109)
at org.testng.TestRunner.privateRun(TestRunner.java:648)
at org.testng.TestRunner.run(TestRunner.java:505)
at org.testng.SuiteRunner.runTest(SuiteRunner.java:455)
at org.testng.SuiteRunner.runSequentially(SuiteRunner.java:450)
at org.testng.SuiteRunner.privateRun(SuiteRunner.java:415)
at org.testng.SuiteRunner.run(SuiteRunner.java:364)
at org.testng.SuiteRunnerWorker.runSuite(SuiteRunnerWorker.java:52)
at org.testng.SuiteRunnerWorker.run(SuiteRunnerWorker.java:84)
at org.testng.TestNG.runSuitesSequentially(TestNG.java:1208)
at org.testng.TestNG.runSuitesLocally(TestNG.java:1137)
at org.testng.TestNG.runSuites(TestNG.java:1049)
at org.testng.TestNG.run(TestNG.java:1017)
at org.testng.remote.AbstractRemoteTestNG.run(AbstractRemoteTestNG.java:115)
at org.testng.remote.RemoteTestNG.initAndRun(RemoteTestNG.java:251)
at org.testng.remote.RemoteTestNG.main(RemoteTestNG.java:77)
]]>
    </error>
  </testcase> <!-- TC_08_Navigate_to_AdminLogin -->
  <testcase name="TC_10_AdminLogout" time="0.000" classname="com.sailotech.testautomation.ezscheduler.tests.Admincreateprovider_test">
    <skipped/>
  </testcase> <!-- TC_10_AdminLogout -->
</testsuite> <!-- com.sailotech.testautomation.ezscheduler.tests.Admincreateprovider_test -->
