<?xml version="1.0" encoding="UTF-8"?>
<!-- Generated by org.testng.reporters.JUnitReportReporter -->
<testsuite skipped="0" hostname="DESKTOP-A4GJKOM" name="com.sailotech.ezscheduler.Testpages.AdminverDoctornegativescenariostest" tests="3" failures="0" timestamp="21 Jan 2021 20:47:49 GMT" time="56.478" errors="0">
  <testcase name="TC_10_AdminLogout" time="4.017" classname="com.sailotech.ezscheduler.Testpages.AdminverDoctornegativescenariostest"/>
  <testcase name="TC_11_Admin_VerifyDoctor_negativescenarios" time="47.973" classname="com.sailotech.ezscheduler.Testpages.AdminverDoctornegativescenariostest"/>
  <testcase name="TC_08_Navigate_to_AdminLogin" time="4.488" classname="com.sailotech.ezscheduler.Testpages.AdminverDoctornegativescenariostest"/>
</testsuite> <!-- com.sailotech.ezscheduler.Testpages.AdminverDoctornegativescenariostest -->
