<?xml version="1.0" encoding="UTF-8"?>
<!-- Generated by org.testng.reporters.JUnitReportReporter -->
<testsuite skipped="0" hostname="DESKTOP-A4GJKOM" name="com.sailotech.ezscheduler.Testpages.ProviderloginTest" tests="1" failures="0" timestamp="15 Feb 2021 15:28:22 GMT" time="11.883" errors="0">
  <testcase name="TC_05_ProviderLogin" time="11.883" classname="com.sailotech.ezscheduler.Testpages.ProviderloginTest"/>
</testsuite> <!-- com.sailotech.ezscheduler.Testpages.ProviderloginTest -->
