<?xml version="1.0" encoding="UTF-8"?>
<!-- Generated by org.testng.reporters.JUnitReportReporter -->
<testsuite skipped="0" hostname="DESKTOP-A4GJKOM" name="sailotech.com.EzScheduler.Test.AdminCredentialsTest" tests="2" failures="0" timestamp="14 Dec 2020 18:04:31 GMT" time="30.098" errors="0">
  <testcase name="TC_02_adminlogin" time="24.808" classname="sailotech.com.EzScheduler.Test.AdminCredentialsTest"/>
  <testcase name="TC_01_navigate_homepage_to_admin_login" time="5.290" classname="sailotech.com.EzScheduler.Test.AdminCredentialsTest"/>
</testsuite> <!-- sailotech.com.EzScheduler.Test.AdminCredentialsTest -->
