<?xml version="1.0" encoding="UTF-8"?>
<!-- Generated by org.testng.reporters.JUnitReportReporter -->
<testsuite skipped="0" hostname="DESKTOP-A4GJKOM" name="sailotech.com.EzScheduler.ReadingMail.PatientCredentials" tests="1" failures="0" timestamp="16 Dec 2020 23:23:22 GMT" time="4.043" errors="0">
  <testcase name="TC01_ReadMail" time="4.043" classname="sailotech.com.EzScheduler.ReadingMail.PatientCredentials"/>
</testsuite> <!-- sailotech.com.EzScheduler.ReadingMail.PatientCredentials -->
