<?xml version="1.0" encoding="UTF-8"?>
<!-- Generated by org.testng.reporters.JUnitReportReporter -->
<testsuite skipped="0" hostname="DESKTOP-A4GJKOM" name="sailotech.com.EzScheduler.TestPages.GenerateSlotsTest" tests="4" failures="0" timestamp="16 Dec 2020 23:16:08 GMT" time="143.706" errors="0">
  <testcase name="TC_03_GenerateSlots" time="132.990" classname="sailotech.com.EzScheduler.TestPages.GenerateSlotsTest"/>
  <testcase name="TC_02_DoctorLogin" time="3.120" classname="sailotech.com.EzScheduler.TestPages.GenerateSlotsTest"/>
  <testcase name="TC_01_navigate_homepage_to_Doctor_login" time="2.410" classname="sailotech.com.EzScheduler.TestPages.GenerateSlotsTest"/>
  <testcase name="TC_04_Doctor_Logout" time="5.186" classname="sailotech.com.EzScheduler.TestPages.GenerateSlotsTest"/>
</testsuite> <!-- sailotech.com.EzScheduler.TestPages.GenerateSlotsTest -->
