<?xml version="1.0" encoding="UTF-8"?>
<!-- Generated by org.testng.reporters.JUnitReportReporter -->
<testsuite skipped="0" hostname="DESKTOP-A4GJKOM" name="com.sailotech.ezscheduler.Testpages.ConsumerOTPTest" tests="3" failures="0" timestamp="10 Feb 2021 21:56:13 GMT" time="29.408" errors="0">
  <testcase name="TC_12_ConsumerRegistration" time="12.001" classname="com.sailotech.ezscheduler.Testpages.ConsumerOTPTest"/>
  <testcase name="TC_15_Consumer_OTP" time="8.498" classname="com.sailotech.ezscheduler.Testpages.ConsumerOTPTest"/>
  <testcase name="TC_15_Consumer_Credentialsfrom_Mail" time="8.909" classname="com.sailotech.ezscheduler.Testpages.ConsumerOTPTest"/>
</testsuite> <!-- com.sailotech.ezscheduler.Testpages.ConsumerOTPTest -->
