<?xml version="1.0" encoding="UTF-8"?>
<!-- Generated by org.testng.reporters.JUnitReportReporter -->
<testsuite skipped="0" hostname="DESKTOP-A4GJKOM" name="com.sailotech.ezscheduler.Testpages.ProviderCredentialstest" tests="2" failures="0" timestamp="18 Jan 2021 22:31:46 GMT" time="47.627" errors="0">
  <testcase name="TC_01_DoctorRegistration" time="42.561" classname="com.sailotech.ezscheduler.Testpages.ProviderCredentialstest"/>
  <testcase name="TC_05_Provider_LoginCredentials" time="5.066" classname="com.sailotech.ezscheduler.Testpages.ProviderCredentialstest"/>
</testsuite> <!-- com.sailotech.ezscheduler.Testpages.ProviderCredentialstest -->
