<?xml version="1.0" encoding="UTF-8"?>
<!-- Generated by org.testng.reporters.JUnitReportReporter -->
<testsuite skipped="0" hostname="DESKTOP-A4GJKOM" name="com.sailotech.ezscheduler.readingmail.Consumercredentialsfrommail" tests="1" failures="0" timestamp="18 Jan 2021 17:01:21 GMT" time="10.639" errors="0">
  <testcase name="TC01_ReadMail" time="10.639" classname="com.sailotech.ezscheduler.readingmail.Consumercredentialsfrommail"/>
</testsuite> <!-- com.sailotech.ezscheduler.readingmail.Consumercredentialsfrommail -->
