<?xml version="1.0" encoding="UTF-8"?>
<!-- Generated by org.testng.reporters.JUnitReportReporter -->
<testsuite skipped="0" hostname="DESKTOP-A4GJKOM" name="com.sailotech.ezscheduler.login_testpages.Consumerlogintest" tests="2" failures="0" timestamp="11 Jan 2021 03:37:33 GMT" time="20.143" errors="0">
  <testcase name="TC_01_Navigate_To_Patient_LoginRegister" time="4.992" classname="com.sailotech.ezscheduler.login_testpages.Consumerlogintest"/>
  <testcase name="TC_02_PatientLogin" time="15.151" classname="com.sailotech.ezscheduler.login_testpages.Consumerlogintest"/>
</testsuite> <!-- com.sailotech.ezscheduler.login_testpages.Consumerlogintest -->
