<?xml version="1.0" encoding="UTF-8"?>
<!-- Generated by org.testng.reporters.JUnitReportReporter -->
<testsuite skipped="0" hostname="DESKTOP-A4GJKOM" name="sailotech.com.EzScheduler.ReadingMail.ReadMails" tests="1" failures="0" timestamp="15 Dec 2020 15:49:24 GMT" time="4.499" errors="0">
  <testcase name="TC01_ReadMail" time="4.499" classname="sailotech.com.EzScheduler.ReadingMail.ReadMails"/>
</testsuite> <!-- sailotech.com.EzScheduler.ReadingMail.ReadMails -->
