<?xml version="1.0" encoding="UTF-8"?>
<!-- Generated by org.testng.reporters.JUnitReportReporter -->
<testsuite skipped="0" hostname="DESKTOP-A4GJKOM" name="sailotech.com.EzScheduler.PositiveTestPages.PatientLoginTest" tests="2" failures="0" timestamp="23 Dec 2020 13:02:55 GMT" time="11.431" errors="0">
  <testcase name="TC_01_navigate_homepage_to_Patient_login" time="3.812" classname="sailotech.com.EzScheduler.PositiveTestPages.PatientLoginTest"/>
  <testcase name="TC_02_Patientlogin" time="7.619" classname="sailotech.com.EzScheduler.PositiveTestPages.PatientLoginTest"/>
</testsuite> <!-- sailotech.com.EzScheduler.PositiveTestPages.PatientLoginTest -->
