<?xml version="1.0" encoding="UTF-8"?>
<!-- Generated by org.testng.reporters.JUnitReportReporter -->
<testsuite skipped="2" hostname="DESKTOP-A4GJKOM" name="com.sailotech.ezscheduler.testpages.AdminVerfiedDoctortest" tests="3" failures="1" timestamp="08 Jan 2021 14:36:17 GMT" time="19.686" errors="0">
  <testcase name="TC_01_Navigate_to_AdminLoginRegister" time="19.686" classname="com.sailotech.ezscheduler.testpages.AdminVerfiedDoctortest">
    <failure type="java.lang.AssertionError" message="TimeOutException:  could not find Admin Login Link/Button/ Waiting for that element to be clickable">
      <![CDATA[java.lang.AssertionError: TimeOutException:  could not find Admin Login Link/Button/ Waiting for that element to be clickable
at com.sailotech.ezscheduler.login_Implementationpages.Adminlogin.navigate_to_Admin_login(Adminlogin.java:45)
at com.sailotech.ezscheduler.testpages.AdminVerfiedDoctortest.TC_01_Navigate_to_AdminLoginRegister(AdminVerfiedDoctortest.java:51)
at sun.reflect.NativeMethodAccessorImpl.invoke0(Native Method)
at sun.reflect.NativeMethodAccessorImpl.invoke(NativeMethodAccessorImpl.java:62)
at sun.reflect.DelegatingMethodAccessorImpl.invoke(DelegatingMethodAccessorImpl.java:43)
at java.lang.reflect.Method.invoke(Method.java:498)
at org.testng.internal.MethodInvocationHelper.invokeMethod(MethodInvocationHelper.java:124)
at org.testng.internal.Invoker.invokeMethod(Invoker.java:583)
at org.testng.internal.Invoker.invokeTestMethod(Invoker.java:719)
at org.testng.internal.Invoker.invokeTestMethods(Invoker.java:989)
at org.testng.internal.TestMethodWorker.invokeTestMethods(TestMethodWorker.java:125)
at org.testng.internal.TestMethodWorker.run(TestMethodWorker.java:109)
at org.testng.TestRunner.privateRun(TestRunner.java:648)
at org.testng.TestRunner.run(TestRunner.java:505)
at org.testng.SuiteRunner.runTest(SuiteRunner.java:455)
at org.testng.SuiteRunner.runSequentially(SuiteRunner.java:450)
at org.testng.SuiteRunner.privateRun(SuiteRunner.java:415)
at org.testng.SuiteRunner.run(SuiteRunner.java:364)
at org.testng.SuiteRunnerWorker.runSuite(SuiteRunnerWorker.java:52)
at org.testng.SuiteRunnerWorker.run(SuiteRunnerWorker.java:84)
at org.testng.TestNG.runSuitesSequentially(TestNG.java:1208)
at org.testng.TestNG.runSuitesLocally(TestNG.java:1137)
at org.testng.TestNG.runSuites(TestNG.java:1049)
at org.testng.TestNG.run(TestNG.java:1017)
at org.testng.remote.AbstractRemoteTestNG.run(AbstractRemoteTestNG.java:115)
at org.testng.remote.RemoteTestNG.initAndRun(RemoteTestNG.java:251)
at org.testng.remote.RemoteTestNG.main(RemoteTestNG.java:77)
Caused by: org.openqa.selenium.TimeoutException: Expected condition failed: waiting for element to be clickable: [[ChromeDriver: chrome on XP (00e24829e439a141f3b3a5317d629b99)] -> xpath: //li[3]//div[1]//h5[1]//a[1]] (tried for 10 second(s) with 500 milliseconds interval)
Build info: version: '3.141.59', revision: 'e82be7d358', time: '2018-11-14T08:17:03'
System info: host: 'DESKTOP-A4GJKOM', ip: '192.168.1.98', os.name: 'Windows 10', os.arch: 'amd64', os.version: '10.0', java.version: '1.8.0_271'
Driver info: org.openqa.selenium.chrome.ChromeDriver
Capabilities {acceptInsecureCerts: false, acceptSslCerts: false, applicationCacheEnabled: false, browserConnectionEnabled: false, browserName: chrome, chrome: {chromedriverVersion: 2.40.565498 (ea082db3280dd6..., userDataDir: C:\Users\sukki\AppData\Loca...}, cssSelectorsEnabled: true, databaseEnabled: false, handlesAlerts: true, hasTouchScreen: false, javascriptEnabled: true, locationContextEnabled: true, mobileEmulationEnabled: false, nativeEvents: true, networkConnectionEnabled: false, pageLoadStrategy: normal, platform: XP, platformName: XP, rotatable: false, setWindowRect: true, takesHeapSnapshot: true, takesScreenshot: true, unexpectedAlertBehaviour: , unhandledPromptBehavior: , version: 87.0.4280.88, webStorageEnabled: true}
Session ID: 00e24829e439a141f3b3a5317d629b99
at org.openqa.selenium.support.ui.WebDriverWait.timeoutException(WebDriverWait.java:95)
at org.openqa.selenium.support.ui.FluentWait.until(FluentWait.java:272)
at com.sailotech.ezscheduler.login_Implementationpages.Adminlogin.navigate_to_Admin_login(Adminlogin.java:43)
... 26 more
]]>
    </failure>
  </testcase> <!-- TC_01_Navigate_to_AdminLoginRegister -->
  <testcase name="TC_02_Navigate_to_AdminLogin" time="0.000" classname="com.sailotech.ezscheduler.testpages.AdminVerfiedDoctortest">
    <skipped/>
  </testcase> <!-- TC_02_Navigate_to_AdminLogin -->
  <testcase name="TC_07_AdminVerifyDoctor" time="0.000" classname="com.sailotech.ezscheduler.testpages.AdminVerfiedDoctortest">
    <skipped/>
  </testcase> <!-- TC_07_AdminVerifyDoctor -->
</testsuite> <!-- com.sailotech.ezscheduler.testpages.AdminVerfiedDoctortest -->
