<?xml version="1.0" encoding="UTF-8"?>
<!-- Generated by org.testng.reporters.JUnitReportReporter -->
<testsuite skipped="0" hostname="DESKTOP-A4GJKOM" name="sailotech.com.EzScheduler.DoctorLoginPages.DoctorLoginTest" tests="2" failures="0" timestamp="13 Dec 2020 14:37:03 GMT" time="6.798" errors="0">
  <testcase name="TC_01_navigate_homepage_to_Doctor_login" time="3.484" classname="sailotech.com.EzScheduler.DoctorLoginPages.DoctorLoginTest"/>
  <testcase name="TC_02_DoctorLogin" time="3.314" classname="sailotech.com.EzScheduler.DoctorLoginPages.DoctorLoginTest"/>
</testsuite> <!-- sailotech.com.EzScheduler.DoctorLoginPages.DoctorLoginTest -->
