<?xml version="1.0" encoding="UTF-8"?>
<!-- Generated by org.testng.reporters.JUnitReportReporter -->
<testsuite skipped="0" hostname="DESKTOP-A4GJKOM" name="com.sailotech.ezscheduler.Testpages.ProviderLogoutTest" tests="2" failures="0" timestamp="15 Feb 2021 15:44:14 GMT" time="38.423" errors="0">
  <testcase name="TC_05_ProviderLogin" time="12.086" classname="com.sailotech.ezscheduler.Testpages.ProviderLogoutTest"/>
  <testcase name="TC_04_ProviderLogout" time="26.337" classname="com.sailotech.ezscheduler.Testpages.ProviderLogoutTest"/>
</testsuite> <!-- com.sailotech.ezscheduler.Testpages.ProviderLogoutTest -->
