<?xml version="1.0" encoding="UTF-8"?>
<!-- Generated by org.testng.reporters.JUnitReportReporter -->
<testsuite skipped="0" hostname="DESKTOP-A4GJKOM" name="com.sailotech.ezscheduler.readingmail.Providercredentialsfrommail" tests="1" failures="0" timestamp="14 Jan 2021 23:44:45 GMT" time="41.045" errors="0">
  <testcase name="TC01_ReadMail" time="41.045" classname="com.sailotech.ezscheduler.readingmail.Providercredentialsfrommail"/>
</testsuite> <!-- com.sailotech.ezscheduler.readingmail.Providercredentialsfrommail -->
