<?xml version="1.0" encoding="UTF-8"?>
<!-- Generated by org.testng.reporters.JUnitReportReporter -->
<testsuite skipped="0" hostname="DESKTOP-A4GJKOM" name="com.sailotech.ezscheduler.Testpages.ProviderCredentialsfromMail" tests="1" failures="0" timestamp="18 Jan 2021 16:09:21 GMT" time="6.696" errors="0">
  <testcase name="Providercredentialsfrommail" time="6.696" classname="com.sailotech.ezscheduler.Testpages.ProviderCredentialsfromMail"/>
</testsuite> <!-- com.sailotech.ezscheduler.Testpages.ProviderCredentialsfromMail -->
