<?xml version="1.0" encoding="UTF-8"?>
<!-- Generated by org.testng.reporters.JUnitReportReporter -->
<testsuite skipped="0" hostname="DESKTOP-A4GJKOM" name="com.sailotech.ezscheduler.Testpages.AdminVerifieddoctorsTest1" tests="3" failures="0" timestamp="25 Jan 2021 21:11:56 GMT" time="57.039" errors="0">
  <testcase name="TC_08_Navigate_to_AdminLogin" time="5.308" classname="com.sailotech.ezscheduler.Testpages.AdminVerifieddoctorsTest1"/>
  <testcase name="TC_11_Admin_VerifyDoctor_negativescenarios" time="48.294" classname="com.sailotech.ezscheduler.Testpages.AdminVerifieddoctorsTest1"/>
  <testcase name="TC_10_AdminLogout" time="3.437" classname="com.sailotech.ezscheduler.Testpages.AdminVerifieddoctorsTest1"/>
</testsuite> <!-- com.sailotech.ezscheduler.Testpages.AdminVerifieddoctorsTest1 -->
