<?xml version="1.0" encoding="UTF-8"?>
<!-- Generated by org.testng.reporters.JUnitReportReporter -->
<testsuite skipped="0" hostname="DESKTOP-A4GJKOM" name="sailotech.com.EzScheduler.GenerateSlots.GenerataeSlotsTest" tests="3" failures="0" timestamp="08 Nov 2020 15:54:30 GMT" time="4.156" errors="0">
  <testcase name="TC_01_navigate_homepage_to_Doctor_login" time="1.938" classname="sailotech.com.EzScheduler.GenerateSlots.GenerataeSlotsTest"/>
  <testcase name="TC_03_GenerateSlots" time="1.845" classname="sailotech.com.EzScheduler.GenerateSlots.GenerataeSlotsTest"/>
  <testcase name="TC_02_DoctorLogin" time="0.373" classname="sailotech.com.EzScheduler.GenerateSlots.GenerataeSlotsTest"/>
</testsuite> <!-- sailotech.com.EzScheduler.GenerateSlots.GenerataeSlotsTest -->
