<?xml version="1.0" encoding="UTF-8"?>
<!-- Generated by org.testng.reporters.JUnitReportReporter -->
<testsuite skipped="0" hostname="DESKTOP-A4GJKOM" name="com.sailotech.ezscheduler.Testpages.AdminCreateProviderTest" tests="2" failures="0" timestamp="10 Feb 2021 17:03:55 GMT" time="62.290" errors="0">
  <testcase name="TC_20_Admin_CreatingDoctor" time="48.466" classname="com.sailotech.ezscheduler.Testpages.AdminCreateProviderTest"/>
  <testcase name="TC_08_Navigate_to_AdminLogin" time="13.824" classname="com.sailotech.ezscheduler.Testpages.AdminCreateProviderTest"/>
</testsuite> <!-- com.sailotech.ezscheduler.Testpages.AdminCreateProviderTest -->
