<?xml version="1.0" encoding="UTF-8"?>
<!-- Generated by org.testng.reporters.JUnitReportReporter -->
<testsuite skipped="0" hostname="DESKTOP-A4GJKOM" name="com.sailotech.ezscheduler.Implpages.Consumercredentialsfrommail" tests="1" failures="0" timestamp="10 Feb 2021 21:42:33 GMT" time="10.777" errors="0">
  <testcase name="ReadingOTPfromConsumerMail" time="10.777" classname="com.sailotech.ezscheduler.Implpages.Consumercredentialsfrommail"/>
</testsuite> <!-- com.sailotech.ezscheduler.Implpages.Consumercredentialsfrommail -->
