<?xml version="1.0" encoding="UTF-8"?>
<!-- Generated by org.testng.reporters.JUnitReportReporter -->
<testsuite skipped="0" hostname="DESKTOP-A4GJKOM" name="com.sailotech.testautomation.ezscheduler.tests.AdminCreateProviderTest" tests="2" failures="0" timestamp="16 Feb 2021 16:35:53 GMT" time="309.720" errors="0">
  <testcase name="TC_20_Admin_CreatingDoctor" time="303.029" classname="com.sailotech.testautomation.ezscheduler.tests.AdminCreateProviderTest"/>
  <testcase name="TC_08_Navigate_to_AdminLogin" time="6.691" classname="com.sailotech.testautomation.ezscheduler.tests.AdminCreateProviderTest"/>
</testsuite> <!-- com.sailotech.testautomation.ezscheduler.tests.AdminCreateProviderTest -->
