<?xml version="1.0" encoding="UTF-8"?>
<!-- Generated by org.testng.reporters.JUnitReportReporter -->
<testsuite skipped="0" hostname="DESKTOP-A4GJKOM" name="sailotech.com.EzScheduler.NegativeTestPages.PatientLoginCredentialsTest" tests="2" failures="0" timestamp="23 Dec 2020 13:02:55 GMT" time="98.984" errors="0">
  <testcase name="TC_02_Patientlogin" time="95.754" classname="sailotech.com.EzScheduler.NegativeTestPages.PatientLoginCredentialsTest"/>
  <testcase name="TC_01_navigate_homepage_to_Patient_login" time="3.230" classname="sailotech.com.EzScheduler.NegativeTestPages.PatientLoginCredentialsTest"/>
</testsuite> <!-- sailotech.com.EzScheduler.NegativeTestPages.PatientLoginCredentialsTest -->
