<?xml version="1.0" encoding="UTF-8"?>
<!-- Generated by org.testng.reporters.JUnitReportReporter -->
<testsuite skipped="0" hostname="DESKTOP-A4GJKOM" name="com.sailotech.ezscheduler.Testpages.AdminUnverfiedtest" tests="2" failures="0" timestamp="29 Jan 2021 21:38:00 GMT" time="19.185" errors="0">
  <testcase name="TC_09_AdminVerifyDoctor" time="13.670" classname="com.sailotech.ezscheduler.Testpages.AdminUnverfiedtest"/>
  <testcase name="TC_08_Navigate_to_AdminLogin" time="5.515" classname="com.sailotech.ezscheduler.Testpages.AdminUnverfiedtest"/>
</testsuite> <!-- com.sailotech.ezscheduler.Testpages.AdminUnverfiedtest -->
