<?xml version="1.0" encoding="UTF-8"?>
<!-- Generated by org.testng.reporters.JUnitReportReporter -->
<testsuite skipped="0" hostname="DESKTOP-A4GJKOM" name="sailotech.com.EzScheduler.AdminVerifyDoctor.AdminVerifyTest" tests="2" failures="0" timestamp="13 Dec 2020 14:37:03 GMT" time="35.518" errors="0">
  <testcase name="TC_01_navigate_homepage_to_admin_login" time="1.785" classname="sailotech.com.EzScheduler.AdminVerifyDoctor.AdminVerifyTest"/>
  <testcase name="TC_02_adminlogin" time="33.733" classname="sailotech.com.EzScheduler.AdminVerifyDoctor.AdminVerifyTest"/>
</testsuite> <!-- sailotech.com.EzScheduler.AdminVerifyDoctor.AdminVerifyTest -->
