<?xml version="1.0" encoding="UTF-8"?>
<!-- Generated by org.testng.reporters.JUnitReportReporter -->
<testsuite skipped="0" hostname="DESKTOP-A4GJKOM" name="sailotech.com.EzScheduler.PositiveTestPages.PatientScheduleAnAppTest" tests="4" failures="0" timestamp="23 Dec 2020 13:14:32 GMT" time="331.762" errors="0">
  <testcase name="TC_01_navigate_homepage_to_Patient_login" time="261.149" classname="sailotech.com.EzScheduler.PositiveTestPages.PatientScheduleAnAppTest"/>
  <testcase name="TC_03_PatientLogout" time="2.603" classname="sailotech.com.EzScheduler.PositiveTestPages.PatientScheduleAnAppTest"/>
  <testcase name="TC_02_Patientlogin" time="3.581" classname="sailotech.com.EzScheduler.PositiveTestPages.PatientScheduleAnAppTest"/>
  <testcase name="TC_03_PatientScheduleAnApp" time="64.429" classname="sailotech.com.EzScheduler.PositiveTestPages.PatientScheduleAnAppTest"/>
</testsuite> <!-- sailotech.com.EzScheduler.PositiveTestPages.PatientScheduleAnAppTest -->
