<?xml version="1.0" encoding="UTF-8"?>
<!-- Generated by org.testng.reporters.JUnitReportReporter -->
<testsuite skipped="0" hostname="DESKTOP-A4GJKOM" name="com.sailotech.ezscheduler.login_testpages.Providerlogintest" tests="2" failures="0" timestamp="11 Jan 2021 03:37:33 GMT" time="15.676" errors="0">
  <testcase name="TC_01_Navigate_To_DoctorLoginRegister" time="5.907" classname="com.sailotech.ezscheduler.login_testpages.Providerlogintest"/>
  <testcase name="TC_02_DoctorLogin" time="9.769" classname="com.sailotech.ezscheduler.login_testpages.Providerlogintest"/>
</testsuite> <!-- com.sailotech.ezscheduler.login_testpages.Providerlogintest -->
