<?xml version="1.0" encoding="UTF-8"?>
<!-- Generated by org.testng.reporters.JUnitReportReporter -->
<testsuite skipped="0" hostname="DESKTOP-A4GJKOM" name="com.sailotech.ezscheduler.Testpages.Verifieddoctest" tests="3" failures="0" timestamp="29 Jan 2021 21:53:49 GMT" time="199.061" errors="0">
  <testcase name="TC_08_Navigate_to_AdminLogin" time="6.592" classname="com.sailotech.ezscheduler.Testpages.Verifieddoctest"/>
  <testcase name="TC_11_Admin_VerifyDoctor_negativescenarios" time="3.579" classname="com.sailotech.ezscheduler.Testpages.Verifieddoctest"/>
  <testcase name="TC_10_AdminLogout" time="188.890" classname="com.sailotech.ezscheduler.Testpages.Verifieddoctest"/>
</testsuite> <!-- com.sailotech.ezscheduler.Testpages.Verifieddoctest -->
