<?xml version="1.0" encoding="UTF-8"?>
<!-- Generated by org.testng.reporters.JUnitReportReporter -->
<testsuite skipped="0" hostname="DESKTOP-A4GJKOM" name="sailotech.com.EzScheduler.Test.DoctorRegistrationTest" tests="2" failures="0" timestamp="14 Dec 2020 18:20:06 GMT" time="99.324" errors="0">
  <testcase name="TC_01_navigate_homepage_to_DoctorRegister" time="76.079" classname="sailotech.com.EzScheduler.Test.DoctorRegistrationTest"/>
  <testcase name="TC_02_DoctorRegister" time="23.245" classname="sailotech.com.EzScheduler.Test.DoctorRegistrationTest"/>
</testsuite> <!-- sailotech.com.EzScheduler.Test.DoctorRegistrationTest -->
