<?xml version="1.0" encoding="UTF-8"?>
<!-- Generated by org.testng.reporters.JUnitReportReporter -->
<testsuite skipped="0" hostname="DESKTOP-A4GJKOM" name="sailotech.com.EzSchedulerAdminpages.AdminTest" tests="2" failures="0" timestamp="12 Dec 2020 20:44:12 GMT" time="5.366" errors="0">
  <testcase name="TC_01_navigate_homepage_to_admin_login" time="1.802" classname="sailotech.com.EzSchedulerAdminpages.AdminTest"/>
  <testcase name="TC_02_adminlogin" time="3.564" classname="sailotech.com.EzSchedulerAdminpages.AdminTest"/>
</testsuite> <!-- sailotech.com.EzSchedulerAdminpages.AdminTest -->
