<?xml version="1.0" encoding="UTF-8"?>
<!-- Generated by org.testng.reporters.JUnitReportReporter -->
<testsuite skipped="0" hostname="DESKTOP-A4GJKOM" name="com.sailotech.ezscheduler.testpages.Consumerscheduleanapptest" tests="4" failures="0" timestamp="08 Jan 2021 02:16:35 GMT" time="61.524" errors="0">
  <testcase name="TC_03_PatientScheduleAnAppointmant" time="37.415" classname="com.sailotech.ezscheduler.testpages.Consumerscheduleanapptest"/>
  <testcase name="TC_02_PatientLogin" time="12.139" classname="com.sailotech.ezscheduler.testpages.Consumerscheduleanapptest"/>
  <testcase name="TC_03_PatientLogout" time="7.783" classname="com.sailotech.ezscheduler.testpages.Consumerscheduleanapptest"/>
  <testcase name="TC_01_Navigate_To_Patient_LoginRegister" time="4.187" classname="com.sailotech.ezscheduler.testpages.Consumerscheduleanapptest"/>
</testsuite> <!-- com.sailotech.ezscheduler.testpages.Consumerscheduleanapptest -->
