<?xml version="1.0" encoding="UTF-8"?>
<!-- Generated by org.testng.reporters.JUnitReportReporter -->
<testsuite skipped="0" hostname="DESKTOP-A4GJKOM" name="com.sailotech.ezscheduler.login_testpages.Adminlogintest" tests="2" failures="0" timestamp="08 Jan 2021 02:16:35 GMT" time="12.499" errors="0">
  <testcase name="TC_02_Navigate_to_AdminLogin" time="7.764" classname="com.sailotech.ezscheduler.login_testpages.Adminlogintest"/>
  <testcase name="TC_01_Navigate_to_AdminLoginRegister" time="4.735" classname="com.sailotech.ezscheduler.login_testpages.Adminlogintest"/>
</testsuite> <!-- com.sailotech.ezscheduler.login_testpages.Adminlogintest -->
