<?xml version="1.0" encoding="UTF-8"?>
<!-- Generated by org.testng.reporters.JUnitReportReporter -->
<testsuite skipped="0" hostname="DESKTOP-A4GJKOM" name="sailotech.com.AdminCredentialspage.AdminCredentialsTest" tests="2" failures="0" timestamp="12 Dec 2020 20:44:12 GMT" time="31.362" errors="0">
  <testcase name="TC_01_navigate_homepage_to_admin_login" time="4.624" classname="sailotech.com.AdminCredentialspage.AdminCredentialsTest"/>
  <testcase name="TC_02_adminlogin" time="26.738" classname="sailotech.com.AdminCredentialspage.AdminCredentialsTest"/>
</testsuite> <!-- sailotech.com.AdminCredentialspage.AdminCredentialsTest -->
