<?xml version="1.0" encoding="UTF-8"?>
<!-- Generated by org.testng.reporters.JUnitReportReporter -->
<testsuite skipped="0" hostname="DESKTOP-A4GJKOM" name="com.sailotech.ezscheduler.testpages.Providerrregistrationtest" tests="2" failures="0" timestamp="08 Jan 2021 02:16:35 GMT" time="28.156" errors="0">
  <testcase name="TC_02_DoctorRegistration" time="25.119" classname="com.sailotech.ezscheduler.testpages.Providerrregistrationtest"/>
  <testcase name="TC_01_navigate_To_DoctorLoginRegister" time="3.037" classname="com.sailotech.ezscheduler.testpages.Providerrregistrationtest"/>
</testsuite> <!-- com.sailotech.ezscheduler.testpages.Providerrregistrationtest -->
