<?xml version="1.0" encoding="UTF-8"?>
<!-- Generated by org.testng.reporters.JUnitReportReporter -->
<testsuite skipped="0" hostname="DESKTOP-A4GJKOM" name="com.sailotech.ezscheduler.login_testpages.Providerlogintest" tests="2" failures="0" timestamp="08 Jan 2021 02:16:35 GMT" time="14.307" errors="0">
  <testcase name="TC_01_Navigate_To_DoctorLoginRegister" time="5.504" classname="com.sailotech.ezscheduler.login_testpages.Providerlogintest"/>
  <testcase name="TC_02_DoctorLogin" time="8.803" classname="com.sailotech.ezscheduler.login_testpages.Providerlogintest"/>
</testsuite> <!-- com.sailotech.ezscheduler.login_testpages.Providerlogintest -->
