<?xml version="1.0" encoding="UTF-8"?>
<!-- Generated by org.testng.reporters.JUnitReportReporter -->
<testsuite skipped="0" hostname="DESKTOP-A4GJKOM" name="sailotech.com.EzScheduler.PatientRegistration.PatientRegistrationTest" tests="2" failures="0" timestamp="12 Dec 2020 20:44:12 GMT" time="12.154" errors="0">
  <testcase name="TC_02_PatientRegister" time="9.151" classname="sailotech.com.EzScheduler.PatientRegistration.PatientRegistrationTest"/>
  <testcase name="TC_01_navigate_homepage_to_PatientRegister" time="3.003" classname="sailotech.com.EzScheduler.PatientRegistration.PatientRegistrationTest"/>
</testsuite> <!-- sailotech.com.EzScheduler.PatientRegistration.PatientRegistrationTest -->
