<?xml version="1.0" encoding="UTF-8"?>
<!-- Generated by org.testng.reporters.JUnitReportReporter -->
<testsuite skipped="0" hostname="DESKTOP-A4GJKOM" name="com.sailotech.ezscheduler.testpages.Consumerregistrationtest" tests="2" failures="0" timestamp="08 Jan 2021 02:16:35 GMT" time="12.000" errors="0">
  <testcase name="TC_01_Navigate_To_PatientRegister" time="2.579" classname="com.sailotech.ezscheduler.testpages.Consumerregistrationtest"/>
  <testcase name="TC_02_PatientRegistration" time="9.421" classname="com.sailotech.ezscheduler.testpages.Consumerregistrationtest"/>
</testsuite> <!-- com.sailotech.ezscheduler.testpages.Consumerregistrationtest -->
